[2016-07-06 00:20:17.762] [INFO] http - ::1 - - "GET /api/v1/users HTTP/1.1" 200 2 "" "Mozilla/5.0 (Windows NT 10.0; Win64; x64) AppleWebKit/537.36 (KHTML, like Gecko) Chrome/51.0.2704.106 Safari/537.36"
[2016-07-06 00:20:17.818] [ERROR] http - ::1 - - "GET /favicon.ico HTTP/1.1" 404 24 "http://localhost:3000/api/v1/users" "Mozilla/5.0 (Windows NT 10.0; Win64; x64) AppleWebKit/537.36 (KHTML, like Gecko) Chrome/51.0.2704.106 Safari/537.36"
[2016-07-06 00:45:35.160] [ERROR] http - ::1 - - "PUT /api/v1/users HTTP/1.1" 500 46 "" "Mozilla/5.0 (Windows NT 10.0; Win64; x64) AppleWebKit/537.36 (KHTML, like Gecko) Chrome/51.0.2704.106 Safari/537.36"
[2016-07-06 00:46:00.661] [INFO] http - ::1 - - "GET /api/v1/users HTTP/1.1" 200 2 "" "Mozilla/5.0 (Windows NT 10.0; Win64; x64) AppleWebKit/537.36 (KHTML, like Gecko) Chrome/51.0.2704.106 Safari/537.36"
[2016-07-06 00:46:13.330] [INFO] http - ::1 - - "POST /api/v1/users HTTP/1.1" 200 178 "" "Mozilla/5.0 (Windows NT 10.0; Win64; x64) AppleWebKit/537.36 (KHTML, like Gecko) Chrome/51.0.2704.106 Safari/537.36"
[2016-07-06 00:47:40.960] [ERROR] http - ::1 - - "DELETE /api/v1/users/576aaca49be80d7fb2f83c8f HTTP/1.1" 500 46 "" "Mozilla/5.0 (Windows NT 10.0; Win64; x64) AppleWebKit/537.36 (KHTML, like Gecko) Chrome/51.0.2704.106 Safari/537.36"
[2016-07-06 00:47:49.167] [INFO] http - ::1 - - "GET /api/v1/users HTTP/1.1" 200 180 "" "Mozilla/5.0 (Windows NT 10.0; Win64; x64) AppleWebKit/537.36 (KHTML, like Gecko) Chrome/51.0.2704.106 Safari/537.36"
[2016-07-06 00:48:23.084] [ERROR] http - ::1 - - "PUT /api/v1/users HTTP/1.1" 500 46 "" "Mozilla/5.0 (Windows NT 10.0; Win64; x64) AppleWebKit/537.36 (KHTML, like Gecko) Chrome/51.0.2704.106 Safari/537.36"
[2016-07-06 00:48:23.114] [INFO] http - ::1 - - "GET /api/v1/users HTTP/1.1" 200 180 "" "Mozilla/5.0 (Windows NT 10.0; Win64; x64) AppleWebKit/537.36 (KHTML, like Gecko) Chrome/51.0.2704.106 Safari/537.36"
[2016-07-06 00:48:23.136] [ERROR] http - ::1 - - "POST /api/v1/users HTTP/1.1" 500 43 "" "Mozilla/5.0 (Windows NT 10.0; Win64; x64) AppleWebKit/537.36 (KHTML, like Gecko) Chrome/51.0.2704.106 Safari/537.36"
[2016-07-06 00:48:23.157] [ERROR] http - ::1 - - "GET /api/v1/users/576da4fcf2b2af480b3db56d HTTP/1.1" 500 46 "" "Mozilla/5.0 (Windows NT 10.0; Win64; x64) AppleWebKit/537.36 (KHTML, like Gecko) Chrome/51.0.2704.106 Safari/537.36"
[2016-07-06 00:48:23.181] [ERROR] http - ::1 - - "DELETE /api/v1/users/576aaca49be80d7fb2f83c8f HTTP/1.1" 500 46 "" "Mozilla/5.0 (Windows NT 10.0; Win64; x64) AppleWebKit/537.36 (KHTML, like Gecko) Chrome/51.0.2704.106 Safari/537.36"
[2016-07-06 00:48:24.492] [ERROR] http - ::1 - - "PUT /api/v1/users HTTP/1.1" 500 46 "" "Mozilla/5.0 (Windows NT 10.0; Win64; x64) AppleWebKit/537.36 (KHTML, like Gecko) Chrome/51.0.2704.106 Safari/537.36"
[2016-07-06 00:48:24.515] [INFO] http - ::1 - - "GET /api/v1/users HTTP/1.1" 200 180 "" "Mozilla/5.0 (Windows NT 10.0; Win64; x64) AppleWebKit/537.36 (KHTML, like Gecko) Chrome/51.0.2704.106 Safari/537.36"
[2016-07-06 00:48:24.534] [ERROR] http - ::1 - - "POST /api/v1/users HTTP/1.1" 500 43 "" "Mozilla/5.0 (Windows NT 10.0; Win64; x64) AppleWebKit/537.36 (KHTML, like Gecko) Chrome/51.0.2704.106 Safari/537.36"
[2016-07-06 00:48:24.556] [ERROR] http - ::1 - - "GET /api/v1/users/576da4fcf2b2af480b3db56d HTTP/1.1" 500 46 "" "Mozilla/5.0 (Windows NT 10.0; Win64; x64) AppleWebKit/537.36 (KHTML, like Gecko) Chrome/51.0.2704.106 Safari/537.36"
[2016-07-06 00:48:24.580] [ERROR] http - ::1 - - "DELETE /api/v1/users/576aaca49be80d7fb2f83c8f HTTP/1.1" 500 46 "" "Mozilla/5.0 (Windows NT 10.0; Win64; x64) AppleWebKit/537.36 (KHTML, like Gecko) Chrome/51.0.2704.106 Safari/537.36"
[2016-07-06 00:53:02.354] [INFO] http - ::1 - - "GET /api/v1/users HTTP/1.1" 200 180 "" "Mozilla/5.0 (Windows NT 10.0; Win64; x64) AppleWebKit/537.36 (KHTML, like Gecko) Chrome/51.0.2704.106 Safari/537.36"
[2016-07-06 00:53:20.686] [ERROR] http - ::1 - - "POST /api/v1/users HTTP/1.1" 500 43 "" "Mozilla/5.0 (Windows NT 10.0; Win64; x64) AppleWebKit/537.36 (KHTML, like Gecko) Chrome/51.0.2704.106 Safari/537.36"
[2016-07-06 00:53:26.936] [INFO] http - ::1 - - "GET /api/v1/users HTTP/1.1" 200 180 "" "Mozilla/5.0 (Windows NT 10.0; Win64; x64) AppleWebKit/537.36 (KHTML, like Gecko) Chrome/51.0.2704.106 Safari/537.36"
