[2016-07-06 00:18:34.926] [INFO] server - Configurando server para entorno DEV
[2016-07-06 00:18:35.017] [INFO] server - Conectado a la BBDD mongodb://localhost:27017/Pitanzas
[2016-07-06 00:18:36.294] [INFO] server - Configurando server para entorno DEV
[2016-07-06 00:18:36.315] [INFO] server - Configurando server para entorno DEV
[2016-07-06 00:18:36.316] [INFO] server - Configurando server para entorno DEV
[2016-07-06 00:18:36.324] [INFO] server - Levantado server :: listening port 3000  => pid  3696
[2016-07-06 00:18:36.350] [INFO] server - Configurando server para entorno DEV
[2016-07-06 00:18:36.356] [INFO] server - Conectado a la BBDD mongodb://localhost:27017/Pitanzas
[2016-07-06 00:18:36.361] [INFO] server - Levantado server :: listening port 3000  => pid  3392
[2016-07-06 00:18:36.366] [INFO] server - Levantado server :: listening port 3000  => pid  6844
[2016-07-06 00:18:36.387] [INFO] server - Conectado a la BBDD mongodb://localhost:27017/Pitanzas
[2016-07-06 00:18:36.393] [INFO] server - Conectado a la BBDD mongodb://localhost:27017/Pitanzas
[2016-07-06 00:18:36.397] [INFO] server - Levantado server :: listening port 3000  => pid  2644
[2016-07-06 00:18:36.417] [INFO] server - Conectado a la BBDD mongodb://localhost:27017/Pitanzas
[2016-07-06 00:20:17.741] [DEBUG] user-services - getUsers
[2016-07-06 00:20:17.742] [DEBUG] user-dao - findAll
[2016-07-06 00:20:17.762] [INFO] http - ::1 - - "GET /api/v1/users HTTP/1.1" 200 2 "" "Mozilla/5.0 (Windows NT 10.0; Win64; x64) AppleWebKit/537.36 (KHTML, like Gecko) Chrome/51.0.2704.106 Safari/537.36"
[2016-07-06 00:20:17.818] [ERROR] http - ::1 - - "GET /favicon.ico HTTP/1.1" 404 24 "http://localhost:3000/api/v1/users" "Mozilla/5.0 (Windows NT 10.0; Win64; x64) AppleWebKit/537.36 (KHTML, like Gecko) Chrome/51.0.2704.106 Safari/537.36"
[2016-07-06 00:45:35.114] [DEBUG] user-services - updateUser
[2016-07-06 00:45:35.114] [DEBUG] validations/user-service - updateUser
[2016-07-06 00:45:35.128] [DEBUG] user-dao - findByIdAndUpdate { _payload: 
   { _id: '576c4510fe175a4012ad7c7f',
     name: 'miguel22222xxxxxxxxxxx',
     age: '77',
     email: 'lalala@lalal7777.com' } }
[2016-07-06 00:45:35.151] [ERROR] server-config - El usuario no existe en el sistema
[2016-07-06 00:45:35.160] [ERROR] http - ::1 - - "PUT /api/v1/users HTTP/1.1" 500 46 "" "Mozilla/5.0 (Windows NT 10.0; Win64; x64) AppleWebKit/537.36 (KHTML, like Gecko) Chrome/51.0.2704.106 Safari/537.36"
[2016-07-06 00:46:00.652] [DEBUG] user-services - getUsers
[2016-07-06 00:46:00.652] [DEBUG] user-dao - findAll
[2016-07-06 00:46:00.661] [INFO] http - ::1 - - "GET /api/v1/users HTTP/1.1" 200 2 "" "Mozilla/5.0 (Windows NT 10.0; Win64; x64) AppleWebKit/537.36 (KHTML, like Gecko) Chrome/51.0.2704.106 Safari/537.36"
[2016-07-06 00:46:13.095] [DEBUG] user-services - saveUser
[2016-07-06 00:46:13.096] [DEBUG] validations/user-service - saveUser
[2016-07-06 00:46:13.096] [DEBUG] user-dao - findFilter { name: 'ddrrrrrd', age: '11', email: 'lalala@lalal11.com' }
[2016-07-06 00:46:13.101] [DEBUG] user-dao - create { name: 'ddrrrrrd', age: '11', email: 'lalala@lalal11.com' }
[2016-07-06 00:46:13.330] [INFO] http - ::1 - - "POST /api/v1/users HTTP/1.1" 200 178 "" "Mozilla/5.0 (Windows NT 10.0; Win64; x64) AppleWebKit/537.36 (KHTML, like Gecko) Chrome/51.0.2704.106 Safari/537.36"
[2016-07-06 00:47:40.952] [DEBUG] user-services - deleteUser
[2016-07-06 00:47:40.953] [DEBUG] validations/user-service - deleteUser
[2016-07-06 00:47:40.953] [DEBUG] user-dao - findByIdAndRemove 576aaca49be80d7fb2f83c8f
[2016-07-06 00:47:40.958] [ERROR] server-config - El usuario no existe en el sistema
[2016-07-06 00:47:40.960] [ERROR] http - ::1 - - "DELETE /api/v1/users/576aaca49be80d7fb2f83c8f HTTP/1.1" 500 46 "" "Mozilla/5.0 (Windows NT 10.0; Win64; x64) AppleWebKit/537.36 (KHTML, like Gecko) Chrome/51.0.2704.106 Safari/537.36"
[2016-07-06 00:47:49.157] [DEBUG] user-services - getUsers
[2016-07-06 00:47:49.157] [DEBUG] user-dao - findAll
[2016-07-06 00:47:49.167] [INFO] http - ::1 - - "GET /api/v1/users HTTP/1.1" 200 180 "" "Mozilla/5.0 (Windows NT 10.0; Win64; x64) AppleWebKit/537.36 (KHTML, like Gecko) Chrome/51.0.2704.106 Safari/537.36"
[2016-07-06 00:48:23.079] [DEBUG] user-services - updateUser
[2016-07-06 00:48:23.080] [DEBUG] validations/user-service - updateUser
[2016-07-06 00:48:23.080] [DEBUG] user-dao - findByIdAndUpdate { _payload: 
   { _id: '576c4510fe175a4012ad7c7f',
     name: 'miguel22222xxxxxxxxxxx',
     age: '77',
     email: 'lalala@lalal7777.com' } }
[2016-07-06 00:48:23.082] [ERROR] server-config - El usuario no existe en el sistema
[2016-07-06 00:48:23.084] [ERROR] http - ::1 - - "PUT /api/v1/users HTTP/1.1" 500 46 "" "Mozilla/5.0 (Windows NT 10.0; Win64; x64) AppleWebKit/537.36 (KHTML, like Gecko) Chrome/51.0.2704.106 Safari/537.36"
[2016-07-06 00:48:23.111] [DEBUG] user-services - getUsers
[2016-07-06 00:48:23.111] [DEBUG] user-dao - findAll
[2016-07-06 00:48:23.114] [INFO] http - ::1 - - "GET /api/v1/users HTTP/1.1" 200 180 "" "Mozilla/5.0 (Windows NT 10.0; Win64; x64) AppleWebKit/537.36 (KHTML, like Gecko) Chrome/51.0.2704.106 Safari/537.36"
[2016-07-06 00:48:23.132] [DEBUG] user-services - saveUser
[2016-07-06 00:48:23.132] [DEBUG] validations/user-service - saveUser
[2016-07-06 00:48:23.132] [DEBUG] user-dao - findFilter { name: 'ddrrrrrd', age: '11', email: 'lalala@lalal11.com' }
[2016-07-06 00:48:23.135] [ERROR] server-config - El usuario existe en el sistema
[2016-07-06 00:48:23.136] [ERROR] http - ::1 - - "POST /api/v1/users HTTP/1.1" 500 43 "" "Mozilla/5.0 (Windows NT 10.0; Win64; x64) AppleWebKit/537.36 (KHTML, like Gecko) Chrome/51.0.2704.106 Safari/537.36"
[2016-07-06 00:48:23.154] [DEBUG] user-services - getUser
[2016-07-06 00:48:23.154] [DEBUG] validations/user-service - getUser
[2016-07-06 00:48:23.154] [DEBUG] user-dao - findById 576da4fcf2b2af480b3db56d
[2016-07-06 00:48:23.156] [ERROR] server-config - El usuario no existe en el sistema
[2016-07-06 00:48:23.157] [ERROR] http - ::1 - - "GET /api/v1/users/576da4fcf2b2af480b3db56d HTTP/1.1" 500 46 "" "Mozilla/5.0 (Windows NT 10.0; Win64; x64) AppleWebKit/537.36 (KHTML, like Gecko) Chrome/51.0.2704.106 Safari/537.36"
[2016-07-06 00:48:23.179] [DEBUG] user-services - deleteUser
[2016-07-06 00:48:23.179] [DEBUG] validations/user-service - deleteUser
[2016-07-06 00:48:23.179] [DEBUG] user-dao - findByIdAndRemove 576aaca49be80d7fb2f83c8f
[2016-07-06 00:48:23.181] [ERROR] server-config - El usuario no existe en el sistema
[2016-07-06 00:48:23.181] [ERROR] http - ::1 - - "DELETE /api/v1/users/576aaca49be80d7fb2f83c8f HTTP/1.1" 500 46 "" "Mozilla/5.0 (Windows NT 10.0; Win64; x64) AppleWebKit/537.36 (KHTML, like Gecko) Chrome/51.0.2704.106 Safari/537.36"
[2016-07-06 00:48:24.488] [DEBUG] user-services - updateUser
[2016-07-06 00:48:24.488] [DEBUG] validations/user-service - updateUser
[2016-07-06 00:48:24.488] [DEBUG] user-dao - findByIdAndUpdate { _payload: 
   { _id: '576c4510fe175a4012ad7c7f',
     name: 'miguel22222xxxxxxxxxxx',
     age: '77',
     email: 'lalala@lalal7777.com' } }
[2016-07-06 00:48:24.491] [ERROR] server-config - El usuario no existe en el sistema
[2016-07-06 00:48:24.492] [ERROR] http - ::1 - - "PUT /api/v1/users HTTP/1.1" 500 46 "" "Mozilla/5.0 (Windows NT 10.0; Win64; x64) AppleWebKit/537.36 (KHTML, like Gecko) Chrome/51.0.2704.106 Safari/537.36"
[2016-07-06 00:48:24.513] [DEBUG] user-services - getUsers
[2016-07-06 00:48:24.513] [DEBUG] user-dao - findAll
[2016-07-06 00:48:24.515] [INFO] http - ::1 - - "GET /api/v1/users HTTP/1.1" 200 180 "" "Mozilla/5.0 (Windows NT 10.0; Win64; x64) AppleWebKit/537.36 (KHTML, like Gecko) Chrome/51.0.2704.106 Safari/537.36"
[2016-07-06 00:48:24.532] [DEBUG] user-services - saveUser
[2016-07-06 00:48:24.532] [DEBUG] validations/user-service - saveUser
[2016-07-06 00:48:24.532] [DEBUG] user-dao - findFilter { name: 'ddrrrrrd', age: '11', email: 'lalala@lalal11.com' }
[2016-07-06 00:48:24.534] [ERROR] server-config - El usuario existe en el sistema
[2016-07-06 00:48:24.534] [ERROR] http - ::1 - - "POST /api/v1/users HTTP/1.1" 500 43 "" "Mozilla/5.0 (Windows NT 10.0; Win64; x64) AppleWebKit/537.36 (KHTML, like Gecko) Chrome/51.0.2704.106 Safari/537.36"
[2016-07-06 00:48:24.553] [DEBUG] user-services - getUser
[2016-07-06 00:48:24.553] [DEBUG] validations/user-service - getUser
[2016-07-06 00:48:24.553] [DEBUG] user-dao - findById 576da4fcf2b2af480b3db56d
[2016-07-06 00:48:24.555] [ERROR] server-config - El usuario no existe en el sistema
[2016-07-06 00:48:24.556] [ERROR] http - ::1 - - "GET /api/v1/users/576da4fcf2b2af480b3db56d HTTP/1.1" 500 46 "" "Mozilla/5.0 (Windows NT 10.0; Win64; x64) AppleWebKit/537.36 (KHTML, like Gecko) Chrome/51.0.2704.106 Safari/537.36"
[2016-07-06 00:48:24.578] [DEBUG] user-services - deleteUser
[2016-07-06 00:48:24.578] [DEBUG] validations/user-service - deleteUser
[2016-07-06 00:48:24.578] [DEBUG] user-dao - findByIdAndRemove 576aaca49be80d7fb2f83c8f
[2016-07-06 00:48:24.580] [ERROR] server-config - El usuario no existe en el sistema
[2016-07-06 00:48:24.580] [ERROR] http - ::1 - - "DELETE /api/v1/users/576aaca49be80d7fb2f83c8f HTTP/1.1" 500 46 "" "Mozilla/5.0 (Windows NT 10.0; Win64; x64) AppleWebKit/537.36 (KHTML, like Gecko) Chrome/51.0.2704.106 Safari/537.36"
[2016-07-06 00:53:02.348] [DEBUG] user-services - getUsers
[2016-07-06 00:53:02.348] [DEBUG] user-dao - findAll
[2016-07-06 00:53:02.354] [INFO] http - ::1 - - "GET /api/v1/users HTTP/1.1" 200 180 "" "Mozilla/5.0 (Windows NT 10.0; Win64; x64) AppleWebKit/537.36 (KHTML, like Gecko) Chrome/51.0.2704.106 Safari/537.36"
[2016-07-06 00:53:20.683] [DEBUG] user-services - saveUser
[2016-07-06 00:53:20.683] [DEBUG] validations/user-service - saveUser
[2016-07-06 00:53:20.684] [DEBUG] user-dao - findFilter { name: 'ddrrrrrd', age: '11', email: 'lalala@lalal11.com' }
[2016-07-06 00:53:20.685] [ERROR] server-config - El usuario existe en el sistema
[2016-07-06 00:53:20.686] [ERROR] http - ::1 - - "POST /api/v1/users HTTP/1.1" 500 43 "" "Mozilla/5.0 (Windows NT 10.0; Win64; x64) AppleWebKit/537.36 (KHTML, like Gecko) Chrome/51.0.2704.106 Safari/537.36"
[2016-07-06 00:53:26.933] [DEBUG] user-services - getUsers
[2016-07-06 00:53:26.933] [DEBUG] user-dao - findAll
[2016-07-06 00:53:26.936] [INFO] http - ::1 - - "GET /api/v1/users HTTP/1.1" 200 180 "" "Mozilla/5.0 (Windows NT 10.0; Win64; x64) AppleWebKit/537.36 (KHTML, like Gecko) Chrome/51.0.2704.106 Safari/537.36"
[2016-07-06 00:54:43.038] [ERROR] server - Error al conectar BBDD { DisconnectedError: Ran out of retries trying to reconnect to "localhost:27017". Try setting `server.reconnectTries` and `server.reconnectInterval` to something higher.
    at MongooseError.DisconnectedError (F:\Node\proyectos\Pitanzas-master\Pitanzas-back\node_modules\mongoose\lib\error\disconnected.js:21:11)
    at .<anonymous> (F:\Node\proyectos\Pitanzas-master\Pitanzas-back\node_modules\mongoose\lib\drivers\node-mongodb-native\connection.js:64:31)
    at emitTwo (events.js:111:20)
    at emit (events.js:191:7)
    at .<anonymous> (F:\Node\proyectos\Pitanzas-master\Pitanzas-back\node_modules\mongodb\node_modules\mongodb-core\lib\topologies\server.js:231:16)
    at g (events.js:286:16)
    at emitTwo (events.js:106:13)
    at emit (events.js:191:7)
    at .<anonymous> (F:\Node\proyectos\Pitanzas-master\Pitanzas-back\node_modules\mongodb\node_modules\mongodb-core\lib\connection\pool.js:119:12)
    at g (events.js:286:16)
    at emitTwo (events.js:106:13)
    at emit (events.js:191:7)
    at Socket.<anonymous> (F:\Node\proyectos\Pitanzas-master\Pitanzas-back\node_modules\mongodb\node_modules\mongodb-core\lib\connection\connection.js:151:49)
    at Socket.g (events.js:286:16)
    at emitOne (events.js:96:13)
    at Socket.emit (events.js:188:7)
  message: 'Ran out of retries trying to reconnect to "localhost:27017". Try setting `server.reconnectTries` and `server.reconnectInterval` to something higher.',
  name: 'DisconnectedError' }
[2016-07-06 00:54:43.084] [ERROR] server - Error al conectar BBDD { message: 'Ran out of retries trying to reconnect to "localhost:27017". Try setting `server.reconnectTries` and `server.reconnectInterval` to something higher.',
  name: 'DisconnectedError' }
[2016-07-06 00:54:43.104] [ERROR] server - Error al conectar BBDD { message: 'Ran out of retries trying to reconnect to "localhost:27017". Try setting `server.reconnectTries` and `server.reconnectInterval` to something higher.',
  name: 'DisconnectedError' }
[2016-07-06 00:54:43.163] [ERROR] server - Error al conectar BBDD { message: 'Ran out of retries trying to reconnect to "localhost:27017". Try setting `server.reconnectTries` and `server.reconnectInterval` to something higher.',
  name: 'DisconnectedError' }
[2016-07-06 00:54:43.176] [ERROR] server - Error al conectar BBDD { message: 'Ran out of retries trying to reconnect to "localhost:27017". Try setting `server.reconnectTries` and `server.reconnectInterval` to something higher.',
  name: 'DisconnectedError' }
