[2016-06-27 10:11:17.441] [ERROR] server-config - el id es incorrecto 
[2016-06-27 10:12:26.711] [ERROR] server-config - el id es incorrecto 
[2016-06-27 10:18:29.345] [ERROR] server-config - el id es incorrecto 
[2016-06-27 10:19:01.182] [ERROR] server-config - el id es incorrecto 
[2016-06-27 10:19:54.036] [ERROR] server-config - el id es incorrecto 
[2016-06-27 10:19:54.052] [ERROR] http - ::1 - - "GET /users/576aaca49be80d7fb2f83c8fzzz HTTP/1.1" 500 34 "" "Mozilla/5.0 (Windows NT 6.1; Win64; x64) AppleWebKit/537.36 (KHTML, like Gecko) Chrome/51.0.2704.84 Safari/537.36"
[2016-06-27 10:21:44.876] [ERROR] server-config - el id es incorrecto 
[2016-06-27 10:21:44.887] [ERROR] http - ::1 - - "GET /users/576aaca49be80d7fb2f83c8fzzz HTTP/1.1" 500 34 "" "Mozilla/5.0 (Windows NT 6.1; Win64; x64) AppleWebKit/537.36 (KHTML, like Gecko) Chrome/51.0.2704.84 Safari/537.36"
[2016-06-28 00:31:57.779] [ERROR] server-config - Failed to lookup view "index" in views directory "D:\Node\GettingStartedNodeJs\deploy\server\config\views"
[2016-06-28 00:31:57.787] [ERROR] http - ::1 - - "GET / HTTP/1.1" 500 128 "" "Mozilla/5.0 (Windows NT 6.1; Win64; x64) AppleWebKit/537.36 (KHTML, like Gecko) Chrome/51.0.2704.84 Safari/537.36"
[2016-06-28 00:31:57.952] [ERROR] http - ::1 - - "GET /favicon.ico HTTP/1.1" 404 24 "http://localhost:3000/" "Mozilla/5.0 (Windows NT 6.1; Win64; x64) AppleWebKit/537.36 (KHTML, like Gecko) Chrome/51.0.2704.84 Safari/537.36"
[2016-06-28 00:32:37.788] [ERROR] server-config - Failed to lookup view "index" in views directory "D:\Node\GettingStartedNodeJs\deploy\server\config\views"
[2016-06-28 00:32:37.799] [ERROR] http - ::1 - - "GET / HTTP/1.1" 500 128 "" "Mozilla/5.0 (Windows NT 6.1; Win64; x64) AppleWebKit/537.36 (KHTML, like Gecko) Chrome/51.0.2704.84 Safari/537.36"
[2016-06-28 00:34:27.969] [ERROR] server-config - Failed to lookup view "index" in views directory "..\D:\Node\GettingStartedNodeJs\deploy\server\config\views"
[2016-06-28 00:34:27.976] [ERROR] http - ::1 - - "GET / HTTP/1.1" 500 132 "" "Mozilla/5.0 (Windows NT 6.1; Win64; x64) AppleWebKit/537.36 (KHTML, like Gecko) Chrome/51.0.2704.84 Safari/537.36"
[2016-06-28 00:34:54.696] [ERROR] server-config - Failed to lookup view "index" in views directory "..\D:\Node\GettingStartedNodeJs\deploy\server\config\views"
[2016-06-28 00:34:54.705] [ERROR] http - ::1 - - "GET / HTTP/1.1" 500 132 "" "Mozilla/5.0 (Windows NT 6.1; Win64; x64) AppleWebKit/537.36 (KHTML, like Gecko) Chrome/51.0.2704.84 Safari/537.36"
[2016-06-28 00:41:58.794] [ERROR] server-config - el id es incorrecto 
[2016-06-28 00:41:58.796] [ERROR] http - ::1 - - "GET /users/576aaca49be80d7fb2f83c8fXXX HTTP/1.1" 500 32 "" "Mozilla/5.0 (Windows NT 6.1; Win64; x64) AppleWebKit/537.36 (KHTML, like Gecko) Chrome/51.0.2704.84 Safari/537.36"
[2016-06-28 01:19:16.633] [ERROR] server-config - Formato email Obligatorio
[2016-06-28 01:19:16.640] [ERROR] http - ::1 - - "POST /users HTTP/1.1" 500 37 "" "Mozilla/5.0 (Windows NT 6.1; Win64; x64) AppleWebKit/537.36 (KHTML, like Gecko) Chrome/51.0.2704.84 Safari/537.36"
[2016-06-28 01:19:41.229] [ERROR] server-config - Formato email Obligatorio
[2016-06-28 01:19:41.233] [ERROR] http - ::1 - - "POST /users HTTP/1.1" 500 37 "" "Mozilla/5.0 (Windows NT 6.1; Win64; x64) AppleWebKit/537.36 (KHTML, like Gecko) Chrome/51.0.2704.84 Safari/537.36"
[2016-06-28 01:19:51.566] [ERROR] server-config - Nombre Obligatorio
[2016-06-28 01:19:51.567] [ERROR] http - ::1 - - "POST /users HTTP/1.1" 500 30 "" "Mozilla/5.0 (Windows NT 6.1; Win64; x64) AppleWebKit/537.36 (KHTML, like Gecko) Chrome/51.0.2704.84 Safari/537.36"
[2016-06-28 01:20:46.010] [ERROR] server-config - Formato email Obligatorio
[2016-06-28 01:20:46.012] [ERROR] http - ::1 - - "POST /users HTTP/1.1" 500 37 "" "Mozilla/5.0 (Windows NT 6.1; Win64; x64) AppleWebKit/537.36 (KHTML, like Gecko) Chrome/51.0.2704.84 Safari/537.36"
[2016-06-28 01:21:57.460] [ERROR] server-config - Nombre Obligatorio
[2016-06-28 01:21:57.467] [ERROR] http - ::1 - - "POST /users HTTP/1.1" 500 30 "" "Mozilla/5.0 (Windows NT 6.1; Win64; x64) AppleWebKit/537.36 (KHTML, like Gecko) Chrome/51.0.2704.84 Safari/537.36"
[2016-06-28 01:56:16.117] [ERROR] server-config - el id es incorrecto 
[2016-06-28 01:56:16.130] [ERROR] http - ::1 - - "GET /users/576aaca49be80d7fb2f83c8fXXX HTTP/1.1" 500 32 "" "Mozilla/5.0 (Windows NT 6.1; Win64; x64) AppleWebKit/537.36 (KHTML, like Gecko) Chrome/51.0.2704.84 Safari/537.36"
[2016-06-28 02:05:47.626] [ERROR] user-dao - estamos  { __v: 0,
  updatedAt: 2016-06-28T00:05:47.595Z,
  createdAt: 2016-06-28T00:05:47.595Z,
  name: 'XXXXXXXXX',
  age: '11',
  email: 'lalala@lalal11.com',
  _id: 5771bf5b9ba01ac00f0c5b0a }
[2016-06-28 02:05:47.627] [ERROR] user-services - { __v: 0,
  updatedAt: 2016-06-28T00:05:47.595Z,
  createdAt: 2016-06-28T00:05:47.595Z,
  name: 'XXXXXXXXX',
  age: '11',
  email: 'lalala@lalal11.com',
  _id: 5771bf5b9ba01ac00f0c5b0a }
[2016-06-28 09:39:28.445] [ERROR] server - Error al conectar BBDD { Error: connect ECONNREFUSED 127.0.0.1:27017
    at Object.exports._errnoException (util.js:1007:11)
    at exports._exceptionWithHostPort (util.js:1030:20)
    at TCPConnectWrap.afterConnect [as oncomplete] (net.js:1080:14)
  name: 'MongoError',
  message: 'connect ECONNREFUSED 127.0.0.1:27017' }
[2016-06-28 09:39:30.078] [ERROR] server - Error al conectar BBDD { name: 'MongoError',
  message: 'connect ECONNREFUSED 127.0.0.1:27017' }
[2016-06-28 09:39:30.141] [ERROR] server - Error al conectar BBDD { name: 'MongoError',
  message: 'connect ECONNREFUSED 127.0.0.1:27017' }
[2016-06-28 09:39:30.169] [ERROR] server - Error al conectar BBDD { name: 'MongoError',
  message: 'connect ECONNREFUSED 127.0.0.1:27017' }
[2016-06-28 09:39:30.251] [ERROR] server - Error al conectar BBDD { name: 'MongoError',
  message: 'connect ECONNREFUSED 127.0.0.1:27017' }
[2016-06-28 10:06:45.717] [ERROR] user-dao - estamos  { __v: 0,
  updatedAt: 2016-06-28T08:06:45.691Z,
  createdAt: 2016-06-28T08:06:45.691Z,
  name: 'XXXXXXXXX',
  age: '11',
  email: 'lalala@lalal11.com',
  _id: 577230154cfff2c021d86a3e }
[2016-06-28 10:13:22.773] [ERROR] user-dao - estamos  { __v: 0,
  updatedAt: 2016-06-28T08:13:22.743Z,
  createdAt: 2016-06-28T08:13:22.743Z,
  name: 'XXXXXXXXX',
  age: '11',
  email: 'lalala@lalal11.com',
  _id: 577231a2111f54e8239755dd }
[2016-06-28 10:15:21.754] [ERROR] user-dao - estamos  { __v: 0,
  updatedAt: 2016-06-28T08:15:21.718Z,
  createdAt: 2016-06-28T08:15:21.718Z,
  name: 'XXXXXXXXX',
  age: '11',
  email: 'lalala@lalal11.com',
  _id: 577232199ff4462c1f1c4df7 }
[2016-06-28 10:23:54.895] [ERROR] user-dao - estamos  { __v: 0,
  updatedAt: 2016-06-28T08:23:54.871Z,
  createdAt: 2016-06-28T08:23:54.871Z,
  name: 'XXXXXXXXX',
  age: '11',
  email: 'lalala@lalal11.com',
  _id: 5772341af5c368681caa73f5 }
[2016-06-28 10:28:22.925] [ERROR] user-dao - estamos  { __v: 0,
  updatedAt: 2016-06-28T08:28:22.900Z,
  createdAt: 2016-06-28T08:28:22.900Z,
  name: 'XXXXXXXXX',
  age: '11',
  email: 'lalala@lalal11.com',
  _id: 577235262de48b840addf356 }
[2016-06-28 10:28:57.923] [ERROR] user-dao - estamos  { __v: 0,
  updatedAt: 2016-06-28T08:28:57.899Z,
  createdAt: 2016-06-28T08:28:57.899Z,
  name: 'XXXXXXXXX',
  age: '11',
  email: 'lalala@lalal11.com',
  _id: 57723549ed6eddf41a265f60 }
[2016-06-28 10:29:25.960] [ERROR] user-dao - estamos  { __v: 0,
  updatedAt: 2016-06-28T08:29:25.935Z,
  createdAt: 2016-06-28T08:29:25.935Z,
  name: 'xxxxxxxxx',
  age: '11',
  email: 'lalala@lalal11.com',
  _id: 5772356500665c5813fee967 }
[2016-06-28 10:29:56.138] [ERROR] user-dao - estamos  { __v: 0,
  updatedAt: 2016-06-28T08:29:56.108Z,
  createdAt: 2016-06-28T08:29:56.108Z,
  name: 'xxxxxxxxx',
  age: '11',
  email: 'lalala@lalal11.com',
  _id: 57723584d01dea30116ad16d }
[2016-06-28 10:34:19.099] [ERROR] user-service-val - pasa!
[2016-06-28 10:35:06.060] [ERROR] user-service-val - lalala@lalal11.com
[2016-06-28 10:35:43.618] [ERROR] user-service-val - lalala@lalal11.com
[2016-06-28 10:35:43.679] [ERROR] user-dao - estamos  { __v: 0,
  updatedAt: 2016-06-28T08:35:43.645Z,
  createdAt: 2016-06-28T08:35:43.645Z,
  name: 'xxxxxxxxx',
  age: '11',
  email: 'lalala@lalal11.com',
  _id: 577236dfe5d4d6a01d548de6 }
[2016-06-28 10:37:02.871] [ERROR] user-service-val - lalala@lalal11.com
[2016-06-28 10:37:19.180] [ERROR] user-service-val - lalala@lalal11.com
[2016-06-28 10:37:19.282] [ERROR] user-dao - estamos  { __v: 0,
  updatedAt: 2016-06-28T08:37:19.237Z,
  createdAt: 2016-06-28T08:37:19.237Z,
  name: 'xxxxxxxxx',
  age: '11',
  email: 'lalala@lalal11.com',
  _id: 5772373f9d0742f41680f17e }
[2016-06-28 10:45:56.523] [ERROR] user-dao - estamos  { __v: 0,
  updatedAt: 2016-06-28T08:45:56.487Z,
  createdAt: 2016-06-28T08:45:56.487Z,
  name: 'xxxxxxxxx',
  age: '11',
  email: 'lalala@lalal11.com',
  _id: 57723944850bb720203c5c22 }
[2016-06-28 10:46:18.303] [ERROR] user-dao - estamos  { __v: 0,
  updatedAt: 2016-06-28T08:46:18.275Z,
  createdAt: 2016-06-28T08:46:18.275Z,
  name: 'xxxxxxxxx',
  age: '11',
  email: 'lalala@lalal11.com',
  _id: 5772395acad22bf8169deec5 }
[2016-06-28 10:47:24.257] [ERROR] user-dao - estamos  { __v: 0,
  updatedAt: 2016-06-28T08:47:24.227Z,
  createdAt: 2016-06-28T08:47:24.227Z,
  name: 'lalala@lalal11.com',
  age: '11',
  email: 'lalala@lalal11.com',
  _id: 5772399cbe57df9818335711 }
[2016-06-28 10:49:11.284] [ERROR] user-dao - estamos  { __v: 0,
  updatedAt: 2016-06-28T08:49:11.244Z,
  createdAt: 2016-06-28T08:49:11.244Z,
  name: 'xxxxxxxxx',
  age: '11',
  email: 'lalala@lalal11.com',
  _id: 57723a071a8ec00c1f2021cc }
[2016-06-28 11:03:34.773] [ERROR] user-dao - estamos  { __v: 0,
  updatedAt: 2016-06-28T09:03:34.742Z,
  createdAt: 2016-06-28T09:03:34.742Z,
  name: 'xxxxxxxxx',
  age: '11',
  email: 'lalala@lalal11.com',
  _id: 57723d66ef644e6821e791b3 }
[2016-06-28 19:15:57.115] [ERROR] server-config - Error en findByIdAndRemove
[2016-06-28 19:15:57.118] [ERROR] http - ::1 - - "DELETE /users/576c45af87ad8e501e26d397 HTTP/1.1" 500 38 "" "Mozilla/5.0 (Windows NT 6.1; Win64; x64) AppleWebKit/537.36 (KHTML, like Gecko) Chrome/51.0.2704.84 Safari/537.36"
[2016-06-28 19:18:04.717] [ERROR] server-config - 576c45af87ad8e501e26d397 No encontrado
[2016-06-28 19:18:04.725] [ERROR] http - ::1 - - "DELETE /users/576c45af87ad8e501e26d397 HTTP/1.1" 500 50 "" "Mozilla/5.0 (Windows NT 6.1; Win64; x64) AppleWebKit/537.36 (KHTML, like Gecko) Chrome/51.0.2704.84 Safari/537.36"
[2016-06-28 19:19:58.342] [ERROR] server-config - ID No encontrado576c45af87ad8e501e26d397
[2016-06-28 19:19:58.351] [ERROR] http - ::1 - - "DELETE /users/576c45af87ad8e501e26d397 HTTP/1.1" 500 52 "" "Mozilla/5.0 (Windows NT 6.1; Win64; x64) AppleWebKit/537.36 (KHTML, like Gecko) Chrome/51.0.2704.84 Safari/537.36"
[2016-06-28 19:20:26.085] [ERROR] server-config - ID No encontrado: 576c45af87ad8e501e26d397
[2016-06-28 19:20:26.095] [ERROR] http - ::1 - - "DELETE /users/576c45af87ad8e501e26d397 HTTP/1.1" 500 54 "" "Mozilla/5.0 (Windows NT 6.1; Win64; x64) AppleWebKit/537.36 (KHTML, like Gecko) Chrome/51.0.2704.84 Safari/537.36"
[2016-06-28 19:38:13.675] [ERROR] server-config - id no encontrado: 576da4fcf2b2af480b3db56d
[2016-06-28 19:38:13.684] [ERROR] http - ::1 - - "PUT /users HTTP/1.1" 500 54 "" "Mozilla/5.0 (Windows NT 6.1; Win64; x64) AppleWebKit/537.36 (KHTML, like Gecko) Chrome/51.0.2704.84 Safari/537.36"
[2016-06-28 19:40:59.041] [ERROR] server-config - id no encontrado: 576c45af87ad8e501e26d397
[2016-06-28 19:40:59.042] [ERROR] http - ::1 - - "DELETE /users/576c45af87ad8e501e26d397 HTTP/1.1" 500 54 "" "Mozilla/5.0 (Windows NT 6.1; Win64; x64) AppleWebKit/537.36 (KHTML, like Gecko) Chrome/51.0.2704.84 Safari/537.36"
[2016-06-28 19:56:27.711] [ERROR] server-config - No encontrado
[2016-06-28 19:56:27.725] [ERROR] http - ::1 - - "GET /users/576da4fcf2b2af480b3db56d HTTP/1.1" 500 25 "" "Mozilla/5.0 (Windows NT 6.1; Win64; x64) AppleWebKit/537.36 (KHTML, like Gecko) Chrome/51.0.2704.84 Safari/537.36"
[2016-06-28 20:03:29.347] [ERROR] server-config - id no encontrado: 576aaca49be80d7fb2f83c8f
[2016-06-28 20:03:29.355] [ERROR] http - ::1 - - "PUT /users HTTP/1.1" 500 54 "" "Mozilla/5.0 (Windows NT 6.1; Win64; x64) AppleWebKit/537.36 (KHTML, like Gecko) Chrome/51.0.2704.84 Safari/537.36"
[2016-06-28 20:03:41.269] [ERROR] server-config - No encontrado
[2016-06-28 20:03:41.274] [ERROR] http - ::1 - - "GET /users/576aaca49be80d7fb2f83c8f HTTP/1.1" 500 25 "" "Mozilla/5.0 (Windows NT 6.1; Win64; x64) AppleWebKit/537.36 (KHTML, like Gecko) Chrome/51.0.2704.84 Safari/537.36"
[2016-06-28 20:03:57.636] [ERROR] server-config - id no encontrado: 576c4510fe175a4012ad7c7f
[2016-06-28 20:03:57.637] [ERROR] http - ::1 - - "PUT /users HTTP/1.1" 500 54 "" "Mozilla/5.0 (Windows NT 6.1; Win64; x64) AppleWebKit/537.36 (KHTML, like Gecko) Chrome/51.0.2704.84 Safari/537.36"
[2016-06-28 20:04:22.353] [ERROR] server-config - id no encontrado: 576c4510fe175a4012ad7c7f
[2016-06-28 20:04:22.354] [ERROR] http - ::1 - - "PUT /users HTTP/1.1" 500 54 "" "Mozilla/5.0 (Windows NT 6.1; Win64; x64) AppleWebKit/537.36 (KHTML, like Gecko) Chrome/51.0.2704.84 Safari/537.36"
[2016-06-28 20:04:32.150] [ERROR] server-config - id no encontrado: 576c4510fe175a4012ad7c7f
[2016-06-28 20:04:32.152] [ERROR] http - ::1 - - "PUT /users HTTP/1.1" 500 54 "" "Mozilla/5.0 (Windows NT 6.1; Win64; x64) AppleWebKit/537.36 (KHTML, like Gecko) Chrome/51.0.2704.84 Safari/537.36"
[2016-06-28 20:05:28.801] [ERROR] user-dao -  aqui borar :  null
[2016-06-28 20:05:28.802] [ERROR] server-config - id no encontrado: 576c4510fe175a4012ad7c7f
[2016-06-28 20:05:28.809] [ERROR] http - ::1 - - "PUT /users HTTP/1.1" 500 54 "" "Mozilla/5.0 (Windows NT 6.1; Win64; x64) AppleWebKit/537.36 (KHTML, like Gecko) Chrome/51.0.2704.84 Safari/537.36"
[2016-06-28 21:26:19.871] [ERROR] user-services -  FROM FINDBYNAME:  null
[2016-06-28 21:28:19.878] [ERROR] user-services -  FROM FINDBYNAME:  null
[2016-06-28 21:32:32.730] [ERROR] user-services -  FROM FINDBYNAME:  { _id: '5772356500665c5813fee967',
  updatedAt: '2016-06-28T08:29:25.935Z',
  createdAt: '2016-06-28T08:29:25.935Z',
  name: 'xxxxxxxxx',
  age: '11',
  email: 'lalala@lalal11.com',
  __v: 0 }
[2016-06-28 21:45:03.207] [ERROR] server-config - Ya existe
[2016-06-28 21:45:03.215] [ERROR] http - ::1 - - "POST /users HTTP/1.1" 500 21 "" "Mozilla/5.0 (Windows NT 6.1; Win64; x64) AppleWebKit/537.36 (KHTML, like Gecko) Chrome/51.0.2704.84 Safari/537.36"
[2016-06-28 21:47:07.039] [ERROR] server-config - Ya existe
[2016-06-28 21:47:07.041] [ERROR] http - ::1 - - "POST /users HTTP/1.1" 500 21 "" "Mozilla/5.0 (Windows NT 6.1; Win64; x64) AppleWebKit/537.36 (KHTML, like Gecko) Chrome/51.0.2704.84 Safari/537.36"
[2016-06-28 22:41:03.050] [ERROR] server-config - Ya existe
[2016-06-28 22:41:03.053] [ERROR] http - ::1 - - "POST /users HTTP/1.1" 500 21 "" "Mozilla/5.0 (Windows NT 6.1; Win64; x64) AppleWebKit/537.36 (KHTML, like Gecko) Chrome/51.0.2704.84 Safari/537.36"
[2016-06-28 22:41:24.441] [ERROR] server-config - Ya existe
[2016-06-28 22:41:24.442] [ERROR] http - ::1 - - "POST /users HTTP/1.1" 500 21 "" "Mozilla/5.0 (Windows NT 6.1; Win64; x64) AppleWebKit/537.36 (KHTML, like Gecko) Chrome/51.0.2704.84 Safari/537.36"
[2016-06-28 23:00:48.388] [ERROR] user-services - ESTOOOOOOO  { _id: '5772e0f253e685d4264d223c',
  updatedAt: '2016-06-28T20:41:22.946Z',
  createdAt: '2016-06-28T20:41:22.946Z',
  name: 'xxxxxxxxx1',
  age: '11',
  email: 'lalala@lalal11.com',
  __v: 0 }
[2016-06-28 23:06:22.502] [ERROR] server-config - Ya existe
[2016-06-28 23:06:22.509] [ERROR] http - ::1 - - "POST /users HTTP/1.1" 500 21 "" "Mozilla/5.0 (Windows NT 6.1; Win64; x64) AppleWebKit/537.36 (KHTML, like Gecko) Chrome/51.0.2704.84 Safari/537.36"
[2016-06-28 23:06:27.295] [ERROR] server-config - Cannot read property '_id' of null
[2016-06-28 23:06:27.298] [ERROR] http - ::1 - - "POST /users HTTP/1.1" 500 46 "" "Mozilla/5.0 (Windows NT 6.1; Win64; x64) AppleWebKit/537.36 (KHTML, like Gecko) Chrome/51.0.2704.84 Safari/537.36"
[2016-06-28 23:08:57.238] [ERROR] server-config - Cannot read property '_id' of null
[2016-06-28 23:08:57.240] [ERROR] http - ::1 - - "POST /users HTTP/1.1" 500 46 "" "Mozilla/5.0 (Windows NT 6.1; Win64; x64) AppleWebKit/537.36 (KHTML, like Gecko) Chrome/51.0.2704.84 Safari/537.36"
[2016-06-28 23:18:00.694] [ERROR] server-config - Ya existe
[2016-06-28 23:18:00.701] [ERROR] http - ::1 - - "POST /users HTTP/1.1" 500 21 "" "Mozilla/5.0 (Windows NT 6.1; Win64; x64) AppleWebKit/537.36 (KHTML, like Gecko) Chrome/51.0.2704.84 Safari/537.36"
[2016-06-28 23:18:10.526] [ERROR] server-config - Cannot read property 'id' of null
[2016-06-28 23:18:10.528] [ERROR] http - ::1 - - "POST /users HTTP/1.1" 500 45 "" "Mozilla/5.0 (Windows NT 6.1; Win64; x64) AppleWebKit/537.36 (KHTML, like Gecko) Chrome/51.0.2704.84 Safari/537.36"
[2016-06-28 23:18:16.502] [ERROR] server-config - Ya existe
[2016-06-28 23:18:16.503] [ERROR] http - ::1 - - "POST /users HTTP/1.1" 500 21 "" "Mozilla/5.0 (Windows NT 6.1; Win64; x64) AppleWebKit/537.36 (KHTML, like Gecko) Chrome/51.0.2704.84 Safari/537.36"
[2016-06-28 23:29:59.863] [ERROR] server-config - Ya existe
[2016-06-28 23:29:59.869] [ERROR] http - ::1 - - "POST /users HTTP/1.1" 500 21 "" "Mozilla/5.0 (Windows NT 6.1; Win64; x64) AppleWebKit/537.36 (KHTML, like Gecko) Chrome/51.0.2704.84 Safari/537.36"
[2016-06-28 23:30:04.158] [ERROR] server-config - Cannot read property '_id' of null
[2016-06-28 23:30:04.159] [ERROR] http - ::1 - - "POST /users HTTP/1.1" 500 46 "" "Mozilla/5.0 (Windows NT 6.1; Win64; x64) AppleWebKit/537.36 (KHTML, like Gecko) Chrome/51.0.2704.84 Safari/537.36"
[2016-06-28 23:35:32.627] [ERROR] server-config - Usuario mmmmmmmmmmmm6 ya existe
[2016-06-28 23:35:32.636] [ERROR] http - ::1 - - "POST /users HTTP/1.1" 500 43 "" "Mozilla/5.0 (Windows NT 6.1; Win64; x64) AppleWebKit/537.36 (KHTML, like Gecko) Chrome/51.0.2704.84 Safari/537.36"
[2016-06-28 23:35:40.280] [ERROR] server-config - Cannot read property '_id' of null
[2016-06-28 23:35:40.284] [ERROR] http - ::1 - - "POST /users HTTP/1.1" 500 46 "" "Mozilla/5.0 (Windows NT 6.1; Win64; x64) AppleWebKit/537.36 (KHTML, like Gecko) Chrome/51.0.2704.84 Safari/537.36"
[2016-06-28 23:37:49.406] [ERROR] server-config - Cannot read property '_id' of null
[2016-06-28 23:37:49.413] [ERROR] http - ::1 - - "POST /users HTTP/1.1" 500 46 "" "Mozilla/5.0 (Windows NT 6.1; Win64; x64) AppleWebKit/537.36 (KHTML, like Gecko) Chrome/51.0.2704.84 Safari/537.36"
[2016-06-28 23:37:50.890] [ERROR] server-config - Cannot read property '_id' of null
[2016-06-28 23:37:50.893] [ERROR] http - ::1 - - "POST /users HTTP/1.1" 500 46 "" "Mozilla/5.0 (Windows NT 6.1; Win64; x64) AppleWebKit/537.36 (KHTML, like Gecko) Chrome/51.0.2704.84 Safari/537.36"
[2016-06-28 23:38:56.319] [ERROR] server-config - Cannot read property '_id' of null
[2016-06-28 23:38:56.322] [ERROR] http - ::1 - - "POST /users HTTP/1.1" 500 46 "" "Mozilla/5.0 (Windows NT 6.1; Win64; x64) AppleWebKit/537.36 (KHTML, like Gecko) Chrome/51.0.2704.84 Safari/537.36"
[2016-06-28 23:41:26.093] [ERROR] server-config - This library (validator.js) validates strings only
[2016-06-28 23:41:26.103] [ERROR] http - ::1 - - "POST /users HTTP/1.1" 500 62 "" "Mozilla/5.0 (Windows NT 6.1; Win64; x64) AppleWebKit/537.36 (KHTML, like Gecko) Chrome/51.0.2704.84 Safari/537.36"
[2016-06-28 23:42:32.403] [ERROR] server-config - This library (validator.js) validates strings only
[2016-06-28 23:42:32.408] [ERROR] http - ::1 - - "POST /users HTTP/1.1" 500 62 "" "Mozilla/5.0 (Windows NT 6.1; Win64; x64) AppleWebKit/537.36 (KHTML, like Gecko) Chrome/51.0.2704.84 Safari/537.36"
[2016-06-28 23:44:32.853] [ERROR] server-config - Usuario mmmmmmmmmmmm6yw ya existe
[2016-06-28 23:44:32.862] [ERROR] http - ::1 - - "POST /users HTTP/1.1" 500 45 "" "Mozilla/5.0 (Windows NT 6.1; Win64; x64) AppleWebKit/537.36 (KHTML, like Gecko) Chrome/51.0.2704.84 Safari/537.36"
[2016-06-28 23:44:39.753] [ERROR] server-config - Cannot read property 'name' of null
[2016-06-28 23:44:39.757] [ERROR] http - ::1 - - "POST /users HTTP/1.1" 500 47 "" "Mozilla/5.0 (Windows NT 6.1; Win64; x64) AppleWebKit/537.36 (KHTML, like Gecko) Chrome/51.0.2704.84 Safari/537.36"
[2016-06-28 23:45:23.615] [ERROR] server-config - Cannot read property 'name' of null
[2016-06-28 23:45:23.626] [ERROR] http - ::1 - - "POST /users HTTP/1.1" 500 47 "" "Mozilla/5.0 (Windows NT 6.1; Win64; x64) AppleWebKit/537.36 (KHTML, like Gecko) Chrome/51.0.2704.84 Safari/537.36"
[2016-06-28 23:46:13.056] [ERROR] user-services -  _user { _payload: null }
[2016-06-28 23:46:36.056] [ERROR] user-services -  _user { _payload: 
   { _id: '5772f0250a217210117bc047',
     updatedAt: '2016-06-28T21:46:13.070Z',
     createdAt: '2016-06-28T21:46:13.070Z',
     name: 'mmmmmmmmmmmm6ywe',
     age: '11',
     email: 'lalala@lalal11.com',
     __v: 0 } }
[2016-06-28 23:47:47.815] [ERROR] user-services -  _user { _payload: 
   { _id: '5772f0250a217210117bc047',
     updatedAt: '2016-06-28T21:46:13.070Z',
     createdAt: '2016-06-28T21:46:13.070Z',
     name: 'mmmmmmmmmmmm6ywe',
     age: '11',
     email: 'lalala@lalal11.com',
     __v: 0 } }
[2016-06-28 23:47:47.817] [ERROR] server-config - Usuario mmmmmmmmmmmm6ywe ya existe
[2016-06-28 23:47:47.823] [ERROR] http - ::1 - - "POST /users HTTP/1.1" 500 46 "" "Mozilla/5.0 (Windows NT 6.1; Win64; x64) AppleWebKit/537.36 (KHTML, like Gecko) Chrome/51.0.2704.84 Safari/537.36"
[2016-06-28 23:47:53.085] [ERROR] user-services -  _user { _payload: null }
[2016-06-28 23:47:55.560] [ERROR] user-services -  _user { _payload: 
   { _id: '5772f0896b24537c1ee10c06',
     updatedAt: '2016-06-28T21:47:53.096Z',
     createdAt: '2016-06-28T21:47:53.096Z',
     name: 'mmmmmmmmmmmm6yweee',
     age: '11',
     email: 'lalala@lalal11.com',
     __v: 0 } }
[2016-06-28 23:47:55.561] [ERROR] server-config - Usuario mmmmmmmmmmmm6yweee ya existe
[2016-06-28 23:47:55.563] [ERROR] http - ::1 - - "POST /users HTTP/1.1" 500 48 "" "Mozilla/5.0 (Windows NT 6.1; Win64; x64) AppleWebKit/537.36 (KHTML, like Gecko) Chrome/51.0.2704.84 Safari/537.36"
[2016-06-28 23:47:59.011] [ERROR] user-services -  _user { _payload: null }
[2016-06-28 23:49:57.208] [ERROR] server-config - Usuario mmmmmmmmmmmm6yeweee ya existe
[2016-06-28 23:49:57.218] [ERROR] http - ::1 - - "POST /users HTTP/1.1" 500 49 "" "Mozilla/5.0 (Windows NT 6.1; Win64; x64) AppleWebKit/537.36 (KHTML, like Gecko) Chrome/51.0.2704.84 Safari/537.36"
[2016-06-28 23:51:13.987] [ERROR] server-config - Usuario mmmmmmmmmmmm6yeweeee ya existe
[2016-06-28 23:51:13.994] [ERROR] http - ::1 - - "POST /users HTTP/1.1" 500 50 "" "Mozilla/5.0 (Windows NT 6.1; Win64; x64) AppleWebKit/537.36 (KHTML, like Gecko) Chrome/51.0.2704.84 Safari/537.36"
[2016-06-28 23:51:24.353] [ERROR] server-config - Usuario mmmmmmmm6yeweeee ya existe
[2016-06-28 23:51:24.357] [ERROR] http - ::1 - - "POST /users HTTP/1.1" 500 46 "" "Mozilla/5.0 (Windows NT 6.1; Win64; x64) AppleWebKit/537.36 (KHTML, like Gecko) Chrome/51.0.2704.84 Safari/537.36"
[2016-06-29 00:08:50.626] [ERROR] server-config - Usuario mmmmmmmm6yeweeee ya existe
[2016-06-29 00:08:50.629] [ERROR] http - ::1 - - "POST /users HTTP/1.1" 500 46 "" "Mozilla/5.0 (Windows NT 6.1; Win64; x64) AppleWebKit/537.36 (KHTML, like Gecko) Chrome/51.0.2704.84 Safari/537.36"
[2016-06-29 00:10:00.369] [ERROR] server-config - id no encontrado: 5772e011a16651001be11a80
[2016-06-29 00:10:00.370] [ERROR] http - ::1 - - "DELETE /users/5772e011a16651001be11a80 HTTP/1.1" 500 54 "" "Mozilla/5.0 (Windows NT 6.1; Win64; x64) AppleWebKit/537.36 (KHTML, like Gecko) Chrome/51.0.2704.84 Safari/537.36"
[2016-06-29 00:17:18.743] [ERROR] server-config - id no encontrado: 5772e011a16651001be11a80
[2016-06-29 00:17:18.751] [ERROR] http - ::1 - - "DELETE /users/5772e011a16651001be11a80 HTTP/1.1" 500 54 "" "Mozilla/5.0 (Windows NT 6.1; Win64; x64) AppleWebKit/537.36 (KHTML, like Gecko) Chrome/51.0.2704.84 Safari/537.36"
[2016-06-29 00:22:58.508] [ERROR] server-config - el id es incorrecto 
[2016-06-29 00:22:58.515] [ERROR] http - ::1 - - "GET /users/576da4fcf2b2af480b3db56dy HTTP/1.1" 500 32 "" "Mozilla/5.0 (Windows NT 6.1; Win64; x64) AppleWebKit/537.36 (KHTML, like Gecko) Chrome/51.0.2704.84 Safari/537.36"
[2016-06-29 00:23:06.213] [ERROR] server-config - Usuario no existe
[2016-06-29 00:23:06.218] [ERROR] http - ::1 - - "GET /users/576da4fcf2b2af480b3db56f HTTP/1.1" 500 29 "" "Mozilla/5.0 (Windows NT 6.1; Win64; x64) AppleWebKit/537.36 (KHTML, like Gecko) Chrome/51.0.2704.84 Safari/537.36"
[2016-06-29 00:37:05.922] [ERROR] server-config - Usuario mmmmmmmm6yeweeee ya existe
[2016-06-29 00:37:05.931] [ERROR] http - ::1 - - "POST /users HTTP/1.1" 500 46 "" "Mozilla/5.0 (Windows NT 6.1; Win64; x64) AppleWebKit/537.36 (KHTML, like Gecko) Chrome/51.0.2704.84 Safari/537.36"
[2016-06-29 00:38:16.974] [ERROR] server-config - Nombre Obligatorio
[2016-06-29 00:38:16.980] [ERROR] http - ::1 - - "POST /users HTTP/1.1" 500 30 "" "Mozilla/5.0 (Windows NT 6.1; Win64; x64) AppleWebKit/537.36 (KHTML, like Gecko) Chrome/51.0.2704.84 Safari/537.36"
[2016-06-29 00:48:13.051] [ERROR] server-config - Usuario rtrt ya existe
[2016-06-29 00:48:13.054] [ERROR] http - ::1 - - "POST /users HTTP/1.1" 500 34 "" "Mozilla/5.0 (Windows NT 6.1; Win64; x64) AppleWebKit/537.36 (KHTML, like Gecko) Chrome/51.0.2704.84 Safari/537.36"
[2016-06-29 00:48:38.464] [ERROR] server-config - Id es incorrecto 
[2016-06-29 00:48:38.469] [ERROR] http - ::1 - - "PUT /users HTTP/1.1" 500 29 "" "Mozilla/5.0 (Windows NT 6.1; Win64; x64) AppleWebKit/537.36 (KHTML, like Gecko) Chrome/51.0.2704.84 Safari/537.36"
[2016-06-29 00:48:46.566] [ERROR] server-config - Usuario no existe
[2016-06-29 00:48:46.570] [ERROR] http - ::1 - - "GET /users/576da4fcf2b2af480b3db56d HTTP/1.1" 500 29 "" "Mozilla/5.0 (Windows NT 6.1; Win64; x64) AppleWebKit/537.36 (KHTML, like Gecko) Chrome/51.0.2704.84 Safari/537.36"
[2016-06-29 01:39:57.669] [ERROR] server-config - el id es incorrecto 
[2016-06-29 01:39:57.672] [ERROR] http - ::1 - - "GET /users/5772e0f253e685d4264d223k HTTP/1.1" 500 32 "" "Mozilla/5.0 (Windows NT 6.1; Win64; x64) AppleWebKit/537.36 (KHTML, like Gecko) Chrome/51.0.2704.84 Safari/537.36"
[2016-06-29 01:40:14.498] [ERROR] server-config - El usuario No existe en el sistema
[2016-06-29 01:40:14.500] [ERROR] http - ::1 - - "GET /users/576da4fcf2b2af480b3db56d HTTP/1.1" 500 46 "" "Mozilla/5.0 (Windows NT 6.1; Win64; x64) AppleWebKit/537.36 (KHTML, like Gecko) Chrome/51.0.2704.84 Safari/537.36"
[2016-06-29 01:46:51.376] [ERROR] server-config - El usuario no existe en el sistema
[2016-06-29 01:46:51.387] [ERROR] http - ::1 - - "GET /users/576da4fcf2b2af480b3db56d HTTP/1.1" 500 46 "" "Mozilla/5.0 (Windows NT 6.1; Win64; x64) AppleWebKit/537.36 (KHTML, like Gecko) Chrome/51.0.2704.84 Safari/537.36"
[2016-06-29 01:47:03.184] [ERROR] server-config - El usuario no existe en el sistema
[2016-06-29 01:47:03.186] [ERROR] http - ::1 - - "DELETE /users/576da4fcf2b2af480b3db56d HTTP/1.1" 500 46 "" "Mozilla/5.0 (Windows NT 6.1; Win64; x64) AppleWebKit/537.36 (KHTML, like Gecko) Chrome/51.0.2704.84 Safari/537.36"
[2016-06-29 01:47:17.245] [ERROR] server-config - El usuario no existe en el sistema
[2016-06-29 01:47:17.246] [ERROR] http - ::1 - - "PUT /users HTTP/1.1" 500 46 "" "Mozilla/5.0 (Windows NT 6.1; Win64; x64) AppleWebKit/537.36 (KHTML, like Gecko) Chrome/51.0.2704.84 Safari/537.36"
[2016-06-29 01:47:29.191] [ERROR] server-config - Nombre Obligatorio
[2016-06-29 01:47:29.192] [ERROR] http - ::1 - - "POST /users HTTP/1.1" 500 30 "" "Mozilla/5.0 (Windows NT 6.1; Win64; x64) AppleWebKit/537.36 (KHTML, like Gecko) Chrome/51.0.2704.84 Safari/537.36"
[2016-06-29 01:47:37.854] [ERROR] server-config - El usuario existe en el sistema
[2016-06-29 01:47:37.855] [ERROR] http - ::1 - - "POST /users HTTP/1.1" 500 43 "" "Mozilla/5.0 (Windows NT 6.1; Win64; x64) AppleWebKit/537.36 (KHTML, like Gecko) Chrome/51.0.2704.84 Safari/537.36"
[2016-06-29 10:52:23.414] [ERROR] server - Error al conectar BBDD { Error: connect ECONNREFUSED 127.0.0.1:27017
    at Object.exports._errnoException (util.js:1007:11)
    at exports._exceptionWithHostPort (util.js:1030:20)
    at TCPConnectWrap.afterConnect [as oncomplete] (net.js:1080:14)
  name: 'MongoError',
  message: 'connect ECONNREFUSED 127.0.0.1:27017' }
[2016-06-29 10:52:25.399] [ERROR] server - Error al conectar BBDD { name: 'MongoError',
  message: 'connect ECONNREFUSED 127.0.0.1:27017' }
[2016-06-29 10:52:25.620] [ERROR] server - Error al conectar BBDD { name: 'MongoError',
  message: 'connect ECONNREFUSED 127.0.0.1:27017' }
[2016-06-29 10:52:25.700] [ERROR] server - Error al conectar BBDD { name: 'MongoError',
  message: 'connect ECONNREFUSED 127.0.0.1:27017' }
[2016-06-29 10:52:25.790] [ERROR] server - Error al conectar BBDD { name: 'MongoError',
  message: 'connect ECONNREFUSED 127.0.0.1:27017' }
[2016-06-29 10:52:56.284] [ERROR] server-config - El usuario existe en el sistema
[2016-06-29 10:52:56.293] [ERROR] http - ::1 - - "POST /users HTTP/1.1" 500 43 "" "Mozilla/5.0 (Windows NT 6.1; Win64; x64) AppleWebKit/537.36 (KHTML, like Gecko) Chrome/51.0.2704.84 Safari/537.36"
[2016-06-29 10:55:32.138] [ERROR] server-config - El usuario existe en el sistema
[2016-06-29 10:55:32.140] [ERROR] http - ::1 - - "POST /users HTTP/1.1" 500 43 "" "Mozilla/5.0 (Windows NT 6.1; Win64; x64) AppleWebKit/537.36 (KHTML, like Gecko) Chrome/51.0.2704.84 Safari/537.36"
[2016-06-29 12:58:13.325] [ERROR] server-config - El usuario existe en el sistema
[2016-06-29 12:58:13.335] [ERROR] http - ::1 - - "POST /users HTTP/1.1" 500 43 "" "Mozilla/5.0 (Windows NT 6.1; Win64; x64) AppleWebKit/537.36 (KHTML, like Gecko) Chrome/51.0.2704.84 Safari/537.36"
[2016-06-29 12:58:18.779] [ERROR] server-config - Nombre Obligatorio
[2016-06-29 12:58:18.783] [ERROR] http - ::1 - - "POST /users HTTP/1.1" 500 30 "" "Mozilla/5.0 (Windows NT 6.1; Win64; x64) AppleWebKit/537.36 (KHTML, like Gecko) Chrome/51.0.2704.84 Safari/537.36"
[2016-06-29 13:10:29.861] [ERROR] server-config - Nombre Obligatorio
[2016-06-29 13:10:29.871] [ERROR] http - ::1 - - "POST /users HTTP/1.1" 500 30 "" "Mozilla/5.0 (Windows NT 6.1; Win64; x64) AppleWebKit/537.36 (KHTML, like Gecko) Chrome/51.0.2704.84 Safari/537.36"
[2016-06-29 13:10:35.016] [ERROR] server-config - user_dao_1.UserDAO.findByName is not a function
[2016-06-29 13:10:35.018] [ERROR] http - ::1 - - "POST /users HTTP/1.1" 500 59 "" "Mozilla/5.0 (Windows NT 6.1; Win64; x64) AppleWebKit/537.36 (KHTML, like Gecko) Chrome/51.0.2704.84 Safari/537.36"
[2016-06-29 13:24:50.937] [ERROR] http - ::1 - - "GET /favicon.ico HTTP/1.1" 404 24 "http://localhost:3000/" "Mozilla/5.0 (Windows NT 6.1; Win64; x64) AppleWebKit/537.36 (KHTML, like Gecko) Chrome/51.0.2704.84 Safari/537.36"
[2016-06-29 23:28:25.909] [ERROR] server-config - Nombre Obligatorio
[2016-06-29 23:28:25.916] [ERROR] http - ::1 - - "POST /users HTTP/1.1" 500 30 "" "Mozilla/5.0 (Windows NT 6.1; Win64; x64) AppleWebKit/537.36 (KHTML, like Gecko) Chrome/51.0.2704.84 Safari/537.36"
[2016-06-29 23:28:41.899] [ERROR] server-config - null
[2016-06-29 23:28:41.901] [ERROR] http - ::1 - - "POST /users HTTP/1.1" 500 2 "" "Mozilla/5.0 (Windows NT 6.1; Win64; x64) AppleWebKit/537.36 (KHTML, like Gecko) Chrome/51.0.2704.84 Safari/537.36"
[2016-06-29 23:31:31.295] [ERROR] server-config - null
[2016-06-29 23:31:31.306] [ERROR] http - ::1 - - "POST /users HTTP/1.1" 500 2 "" "Mozilla/5.0 (Windows NT 6.1; Win64; x64) AppleWebKit/537.36 (KHTML, like Gecko) Chrome/51.0.2704.84 Safari/537.36"
[2016-06-29 23:34:16.476] [ERROR] user-exception - AQUI   null
[2016-06-29 23:34:16.477] [ERROR] server-config - null
[2016-06-29 23:34:16.489] [ERROR] http - ::1 - - "POST /users HTTP/1.1" 500 2 "" "Mozilla/5.0 (Windows NT 6.1; Win64; x64) AppleWebKit/537.36 (KHTML, like Gecko) Chrome/51.0.2704.84 Safari/537.36"
[2016-06-29 23:35:36.075] [ERROR] user-exception - AQUI   null
[2016-06-29 23:35:36.076] [ERROR] server-config - null
[2016-06-29 23:35:36.087] [ERROR] http - ::1 - - "POST /users HTTP/1.1" 500 2 "" "Mozilla/5.0 (Windows NT 6.1; Win64; x64) AppleWebKit/537.36 (KHTML, like Gecko) Chrome/51.0.2704.84 Safari/537.36"
[2016-06-29 23:35:58.489] [ERROR] user-exception - AQUI   null
[2016-06-29 23:35:58.490] [ERROR] server-config - null
[2016-06-29 23:35:58.501] [ERROR] http - ::1 - - "POST /users HTTP/1.1" 500 2 "" "Mozilla/5.0 (Windows NT 6.1; Win64; x64) AppleWebKit/537.36 (KHTML, like Gecko) Chrome/51.0.2704.84 Safari/537.36"
[2016-06-29 23:43:28.013] [ERROR] user-exception - AQUI   null
[2016-06-29 23:43:28.013] [ERROR] server-config - null
[2016-06-29 23:43:28.025] [ERROR] http - ::1 - - "POST /users HTTP/1.1" 500 2 "" "Mozilla/5.0 (Windows NT 6.1; Win64; x64) AppleWebKit/537.36 (KHTML, like Gecko) Chrome/51.0.2704.84 Safari/537.36"
[2016-06-29 23:44:01.112] [ERROR] server-config - El usuario existe en el sistema
[2016-06-29 23:44:01.127] [ERROR] http - ::1 - - "POST /users HTTP/1.1" 500 43 "" "Mozilla/5.0 (Windows NT 6.1; Win64; x64) AppleWebKit/537.36 (KHTML, like Gecko) Chrome/51.0.2704.84 Safari/537.36"
[2016-06-30 00:21:06.411] [ERROR] server-config - El usuario no existe en el sistema
[2016-06-30 00:21:06.416] [ERROR] http - ::1 - - "GET /users/576da4fcf2b2af480b3db56d HTTP/1.1" 500 46 "" "Mozilla/5.0 (Windows NT 6.1; Win64; x64) AppleWebKit/537.36 (KHTML, like Gecko) Chrome/51.0.2704.84 Safari/537.36"
[2016-06-30 00:21:20.067] [ERROR] server-config - El usuario existe en el sistema
[2016-06-30 00:21:20.068] [ERROR] http - ::1 - - "POST /users HTTP/1.1" 500 43 "" "Mozilla/5.0 (Windows NT 6.1; Win64; x64) AppleWebKit/537.36 (KHTML, like Gecko) Chrome/51.0.2704.84 Safari/537.36"
[2016-06-30 00:21:25.430] [ERROR] server-config - El nombre es obligatorio
[2016-06-30 00:21:25.431] [ERROR] http - ::1 - - "POST /users HTTP/1.1" 500 36 "" "Mozilla/5.0 (Windows NT 6.1; Win64; x64) AppleWebKit/537.36 (KHTML, like Gecko) Chrome/51.0.2704.84 Safari/537.36"
[2016-06-30 00:21:48.541] [ERROR] server-config - El formato de id no es correcto
[2016-06-30 00:21:48.543] [ERROR] http - ::1 - - "POST /users HTTP/1.1" 500 43 "" "Mozilla/5.0 (Windows NT 6.1; Win64; x64) AppleWebKit/537.36 (KHTML, like Gecko) Chrome/51.0.2704.84 Safari/537.36"
[2016-06-30 00:26:09.149] [ERROR] validations/user-service - aqui  hh
[2016-06-30 00:26:09.153] [ERROR] server-config - El formato de id no es correcto
[2016-06-30 00:26:09.163] [ERROR] http - ::1 - - "POST /users HTTP/1.1" 500 43 "" "Mozilla/5.0 (Windows NT 6.1; Win64; x64) AppleWebKit/537.36 (KHTML, like Gecko) Chrome/51.0.2704.84 Safari/537.36"
[2016-06-30 00:26:16.833] [ERROR] validations/user-service - aqui  
[2016-06-30 00:26:16.834] [ERROR] server-config - El formato de id no es correcto
[2016-06-30 00:26:16.836] [ERROR] http - ::1 - - "POST /users HTTP/1.1" 500 43 "" "Mozilla/5.0 (Windows NT 6.1; Win64; x64) AppleWebKit/537.36 (KHTML, like Gecko) Chrome/51.0.2704.84 Safari/537.36"
[2016-06-30 00:45:02.638] [ERROR] server-config - 
[2016-06-30 00:45:02.646] [ERROR] http - ::1 - - "POST /users HTTP/1.1" 500 12 "" "Mozilla/5.0 (Windows NT 6.1; Win64; x64) AppleWebKit/537.36 (KHTML, like Gecko) Chrome/51.0.2704.84 Safari/537.36"
[2016-06-30 00:45:48.565] [ERROR] server-config - 
[2016-06-30 00:45:48.568] [ERROR] http - ::1 - - "POST /users HTTP/1.1" 500 12 "" "Mozilla/5.0 (Windows NT 6.1; Win64; x64) AppleWebKit/537.36 (KHTML, like Gecko) Chrome/51.0.2704.84 Safari/537.36"
[2016-06-30 00:46:32.363] [ERROR] validations/user-service - rrr
[2016-06-30 00:46:32.366] [ERROR] server-config - 
[2016-06-30 00:46:32.378] [ERROR] http - ::1 - - "POST /users HTTP/1.1" 500 12 "" "Mozilla/5.0 (Windows NT 6.1; Win64; x64) AppleWebKit/537.36 (KHTML, like Gecko) Chrome/51.0.2704.84 Safari/537.36"
[2016-06-30 00:47:03.844] [ERROR] validations/user-service - null
[2016-06-30 00:47:03.851] [ERROR] server-config - 
[2016-06-30 00:47:03.865] [ERROR] http - ::1 - - "POST /users HTTP/1.1" 500 12 "" "Mozilla/5.0 (Windows NT 6.1; Win64; x64) AppleWebKit/537.36 (KHTML, like Gecko) Chrome/51.0.2704.84 Safari/537.36"
[2016-06-30 00:48:17.891] [ERROR] validations/user-service - El formato de edad no es correcto
[2016-06-30 00:48:17.894] [ERROR] server-config - El formato de edad no es correcto
[2016-06-30 00:48:17.905] [ERROR] http - ::1 - - "POST /users HTTP/1.1" 500 45 "" "Mozilla/5.0 (Windows NT 6.1; Win64; x64) AppleWebKit/537.36 (KHTML, like Gecko) Chrome/51.0.2704.84 Safari/537.36"
[2016-06-30 00:48:24.028] [ERROR] server-config - La edad es obligatoria
[2016-06-30 00:48:24.030] [ERROR] http - ::1 - - "POST /users HTTP/1.1" 500 34 "" "Mozilla/5.0 (Windows NT 6.1; Win64; x64) AppleWebKit/537.36 (KHTML, like Gecko) Chrome/51.0.2704.84 Safari/537.36"
[2016-06-30 00:48:30.801] [ERROR] server-config - Cannot read property 'toString' of undefined
[2016-06-30 00:48:30.803] [ERROR] http - ::1 - - "POST /users HTTP/1.1" 500 56 "" "Mozilla/5.0 (Windows NT 6.1; Win64; x64) AppleWebKit/537.36 (KHTML, like Gecko) Chrome/51.0.2704.84 Safari/537.36"
[2016-06-30 00:50:31.378] [ERROR] server-config - El formato de edad no es correcto
[2016-06-30 00:50:31.386] [ERROR] http - ::1 - - "POST /users HTTP/1.1" 500 45 "" "Mozilla/5.0 (Windows NT 6.1; Win64; x64) AppleWebKit/537.36 (KHTML, like Gecko) Chrome/51.0.2704.84 Safari/537.36"
[2016-06-30 00:50:38.844] [ERROR] server-config - Cannot read property 'toString' of undefined
[2016-06-30 00:50:38.846] [ERROR] http - ::1 - - "POST /users HTTP/1.1" 500 56 "" "Mozilla/5.0 (Windows NT 6.1; Win64; x64) AppleWebKit/537.36 (KHTML, like Gecko) Chrome/51.0.2704.84 Safari/537.36"
[2016-06-30 00:51:26.756] [ERROR] validations/user-service - Aqui  null
[2016-06-30 00:51:26.759] [ERROR] server-config - Cannot read property 'toString' of undefined
[2016-06-30 00:51:26.771] [ERROR] http - ::1 - - "POST /users HTTP/1.1" 500 56 "" "Mozilla/5.0 (Windows NT 6.1; Win64; x64) AppleWebKit/537.36 (KHTML, like Gecko) Chrome/51.0.2704.84 Safari/537.36"
[2016-06-30 00:51:48.163] [ERROR] validations/user-service - Aqui  null
[2016-06-30 00:51:48.166] [ERROR] server-config - La edad es obligatoria
[2016-06-30 00:51:48.175] [ERROR] http - ::1 - - "POST /users HTTP/1.1" 500 34 "" "Mozilla/5.0 (Windows NT 6.1; Win64; x64) AppleWebKit/537.36 (KHTML, like Gecko) Chrome/51.0.2704.84 Safari/537.36"
[2016-07-03 19:03:03.288] [ERROR] server-config - El usuario existe en el sistema
[2016-07-03 19:03:03.290] [ERROR] http - ::1 - - "POST /users HTTP/1.1" 500 43 "" "Mozilla/5.0 (Windows NT 10.0; Win64; x64) AppleWebKit/537.36 (KHTML, like Gecko) Chrome/51.0.2704.106 Safari/537.36"
[2016-07-05 10:08:09.249] [ERROR] server-config - El usuario existe en el sistema
[2016-07-05 10:08:09.256] [ERROR] http - ::1 - - "POST /users HTTP/1.1" 500 43 "" "Mozilla/5.0 (Windows NT 10.0; Win64; x64) AppleWebKit/537.36 (KHTML, like Gecko) Chrome/51.0.2704.106 Safari/537.36"
[2016-07-06 00:20:17.818] [ERROR] http - ::1 - - "GET /favicon.ico HTTP/1.1" 404 24 "http://localhost:3000/api/v1/users" "Mozilla/5.0 (Windows NT 10.0; Win64; x64) AppleWebKit/537.36 (KHTML, like Gecko) Chrome/51.0.2704.106 Safari/537.36"
[2016-07-06 00:45:35.151] [ERROR] server-config - El usuario no existe en el sistema
[2016-07-06 00:45:35.160] [ERROR] http - ::1 - - "PUT /api/v1/users HTTP/1.1" 500 46 "" "Mozilla/5.0 (Windows NT 10.0; Win64; x64) AppleWebKit/537.36 (KHTML, like Gecko) Chrome/51.0.2704.106 Safari/537.36"
[2016-07-06 00:47:40.958] [ERROR] server-config - El usuario no existe en el sistema
[2016-07-06 00:47:40.960] [ERROR] http - ::1 - - "DELETE /api/v1/users/576aaca49be80d7fb2f83c8f HTTP/1.1" 500 46 "" "Mozilla/5.0 (Windows NT 10.0; Win64; x64) AppleWebKit/537.36 (KHTML, like Gecko) Chrome/51.0.2704.106 Safari/537.36"
[2016-07-06 00:48:23.082] [ERROR] server-config - El usuario no existe en el sistema
[2016-07-06 00:48:23.084] [ERROR] http - ::1 - - "PUT /api/v1/users HTTP/1.1" 500 46 "" "Mozilla/5.0 (Windows NT 10.0; Win64; x64) AppleWebKit/537.36 (KHTML, like Gecko) Chrome/51.0.2704.106 Safari/537.36"
[2016-07-06 00:48:23.135] [ERROR] server-config - El usuario existe en el sistema
[2016-07-06 00:48:23.136] [ERROR] http - ::1 - - "POST /api/v1/users HTTP/1.1" 500 43 "" "Mozilla/5.0 (Windows NT 10.0; Win64; x64) AppleWebKit/537.36 (KHTML, like Gecko) Chrome/51.0.2704.106 Safari/537.36"
[2016-07-06 00:48:23.156] [ERROR] server-config - El usuario no existe en el sistema
[2016-07-06 00:48:23.157] [ERROR] http - ::1 - - "GET /api/v1/users/576da4fcf2b2af480b3db56d HTTP/1.1" 500 46 "" "Mozilla/5.0 (Windows NT 10.0; Win64; x64) AppleWebKit/537.36 (KHTML, like Gecko) Chrome/51.0.2704.106 Safari/537.36"
[2016-07-06 00:48:23.181] [ERROR] server-config - El usuario no existe en el sistema
[2016-07-06 00:48:23.181] [ERROR] http - ::1 - - "DELETE /api/v1/users/576aaca49be80d7fb2f83c8f HTTP/1.1" 500 46 "" "Mozilla/5.0 (Windows NT 10.0; Win64; x64) AppleWebKit/537.36 (KHTML, like Gecko) Chrome/51.0.2704.106 Safari/537.36"
[2016-07-06 00:48:24.491] [ERROR] server-config - El usuario no existe en el sistema
[2016-07-06 00:48:24.492] [ERROR] http - ::1 - - "PUT /api/v1/users HTTP/1.1" 500 46 "" "Mozilla/5.0 (Windows NT 10.0; Win64; x64) AppleWebKit/537.36 (KHTML, like Gecko) Chrome/51.0.2704.106 Safari/537.36"
[2016-07-06 00:48:24.534] [ERROR] server-config - El usuario existe en el sistema
[2016-07-06 00:48:24.534] [ERROR] http - ::1 - - "POST /api/v1/users HTTP/1.1" 500 43 "" "Mozilla/5.0 (Windows NT 10.0; Win64; x64) AppleWebKit/537.36 (KHTML, like Gecko) Chrome/51.0.2704.106 Safari/537.36"
[2016-07-06 00:48:24.555] [ERROR] server-config - El usuario no existe en el sistema
[2016-07-06 00:48:24.556] [ERROR] http - ::1 - - "GET /api/v1/users/576da4fcf2b2af480b3db56d HTTP/1.1" 500 46 "" "Mozilla/5.0 (Windows NT 10.0; Win64; x64) AppleWebKit/537.36 (KHTML, like Gecko) Chrome/51.0.2704.106 Safari/537.36"
[2016-07-06 00:48:24.580] [ERROR] server-config - El usuario no existe en el sistema
[2016-07-06 00:48:24.580] [ERROR] http - ::1 - - "DELETE /api/v1/users/576aaca49be80d7fb2f83c8f HTTP/1.1" 500 46 "" "Mozilla/5.0 (Windows NT 10.0; Win64; x64) AppleWebKit/537.36 (KHTML, like Gecko) Chrome/51.0.2704.106 Safari/537.36"
[2016-07-06 00:53:20.685] [ERROR] server-config - El usuario existe en el sistema
[2016-07-06 00:53:20.686] [ERROR] http - ::1 - - "POST /api/v1/users HTTP/1.1" 500 43 "" "Mozilla/5.0 (Windows NT 10.0; Win64; x64) AppleWebKit/537.36 (KHTML, like Gecko) Chrome/51.0.2704.106 Safari/537.36"
[2016-07-06 00:54:43.038] [ERROR] server - Error al conectar BBDD { DisconnectedError: Ran out of retries trying to reconnect to "localhost:27017". Try setting `server.reconnectTries` and `server.reconnectInterval` to something higher.
    at MongooseError.DisconnectedError (F:\Node\proyectos\Pitanzas-master\Pitanzas-back\node_modules\mongoose\lib\error\disconnected.js:21:11)
    at .<anonymous> (F:\Node\proyectos\Pitanzas-master\Pitanzas-back\node_modules\mongoose\lib\drivers\node-mongodb-native\connection.js:64:31)
    at emitTwo (events.js:111:20)
    at emit (events.js:191:7)
    at .<anonymous> (F:\Node\proyectos\Pitanzas-master\Pitanzas-back\node_modules\mongodb\node_modules\mongodb-core\lib\topologies\server.js:231:16)
    at g (events.js:286:16)
    at emitTwo (events.js:106:13)
    at emit (events.js:191:7)
    at .<anonymous> (F:\Node\proyectos\Pitanzas-master\Pitanzas-back\node_modules\mongodb\node_modules\mongodb-core\lib\connection\pool.js:119:12)
    at g (events.js:286:16)
    at emitTwo (events.js:106:13)
    at emit (events.js:191:7)
    at Socket.<anonymous> (F:\Node\proyectos\Pitanzas-master\Pitanzas-back\node_modules\mongodb\node_modules\mongodb-core\lib\connection\connection.js:151:49)
    at Socket.g (events.js:286:16)
    at emitOne (events.js:96:13)
    at Socket.emit (events.js:188:7)
  message: 'Ran out of retries trying to reconnect to "localhost:27017". Try setting `server.reconnectTries` and `server.reconnectInterval` to something higher.',
  name: 'DisconnectedError' }
[2016-07-06 00:54:43.084] [ERROR] server - Error al conectar BBDD { message: 'Ran out of retries trying to reconnect to "localhost:27017". Try setting `server.reconnectTries` and `server.reconnectInterval` to something higher.',
  name: 'DisconnectedError' }
[2016-07-06 00:54:43.104] [ERROR] server - Error al conectar BBDD { message: 'Ran out of retries trying to reconnect to "localhost:27017". Try setting `server.reconnectTries` and `server.reconnectInterval` to something higher.',
  name: 'DisconnectedError' }
[2016-07-06 00:54:43.163] [ERROR] server - Error al conectar BBDD { message: 'Ran out of retries trying to reconnect to "localhost:27017". Try setting `server.reconnectTries` and `server.reconnectInterval` to something higher.',
  name: 'DisconnectedError' }
[2016-07-06 00:54:43.176] [ERROR] server - Error al conectar BBDD { message: 'Ran out of retries trying to reconnect to "localhost:27017". Try setting `server.reconnectTries` and `server.reconnectInterval` to something higher.',
  name: 'DisconnectedError' }
